[debug] [2023-01-29T06:00:11.530Z] ----------------------------------------------------------------------
[debug] [2023-01-29T06:00:11.532Z] Command:       C:\Program Files\nodejs\node.exe C:\Users\koto7\AppData\Roaming\npm\node_modules\firebase-tools\lib\bin\firebase.js init
[debug] [2023-01-29T06:00:11.532Z] CLI Version:   11.21.0
[debug] [2023-01-29T06:00:11.532Z] Platform:      win32
[debug] [2023-01-29T06:00:11.532Z] Node Version:  v18.13.0
[debug] [2023-01-29T06:00:11.533Z] Time:          Sun Jan 29 2023 15:00:11 GMT+0900 (日本標準時)
[debug] [2023-01-29T06:00:11.533Z] ----------------------------------------------------------------------
[debug] 
[debug] [2023-01-29T06:00:11.537Z] > command requires scopes: ["email","openid","https://www.googleapis.com/auth/cloudplatformprojects.readonly","https://www.googleapis.com/auth/firebase","https://www.googleapis.com/auth/cloud-platform"]
[debug] [2023-01-29T06:00:11.538Z] > authorizing via signed-in user (0327.kotokoto@gmail.com)
[info] 
     ######## #### ########  ######## ########     ###     ######  ########
     ##        ##  ##     ## ##       ##     ##  ##   ##  ##       ##
     ######    ##  ########  ######   ########  #########  ######  ######
     ##        ##  ##    ##  ##       ##     ## ##     ##       ## ##
     ##       #### ##     ## ######## ########  ##     ##  ######  ########

You're about to initialize a Firebase project in this directory:

  C:\django\project-home\employee\message

Before we get started, keep in mind:

  * You are currently outside your home directory

[info] 
=== Project Setup
[info] 
[info] First, let's associate this project directory with a Firebase project.
[info] You can create multiple project aliases by running firebase use --add, 
[info] but for now we'll just set up a default project.
[info] 
[info] i  If you want to create a project in a Google Cloud organization or folder, please use "firebase projects:create" instead, and return to this command when you've created the project. 
[debug] [2023-01-29T06:01:32.008Z] >>> [apiv2][query] POST https://cloudresourcemanager.googleapis.com/v1/projects [none]
[debug] [2023-01-29T06:01:32.008Z] >>> [apiv2][body] POST https://cloudresourcemanager.googleapis.com/v1/projects {"projectId":"webchat","name":"webchat"}
[debug] [2023-01-29T06:01:33.022Z] <<< [apiv2][status] POST https://cloudresourcemanager.googleapis.com/v1/projects 409
[debug] [2023-01-29T06:01:33.022Z] <<< [apiv2][body] POST https://cloudresourcemanager.googleapis.com/v1/projects {"error":{"code":409,"message":"Requested entity already exists","status":"ALREADY_EXISTS"}}
[debug] [2023-01-29T06:01:33.272Z] FirebaseError: HTTP Error: 409, Requested entity already exists
    at responseToError (C:\Users\koto7\AppData\Roaming\npm\node_modules\firebase-tools\lib\responseToError.js:49:12)
    at RetryOperation._fn (C:\Users\koto7\AppData\Roaming\npm\node_modules\firebase-tools\lib\apiv2.js:288:77)
    at process.processTicksAndRejections (node:internal/process/task_queues:95:5)
[error] 
[error] Error: Failed to create project because there is already a project with ID webchat. Please try again with a unique project ID.
